# JRE version: Java(TM) SE Runtime Environment (26.0.1+8) (build 26.0.1+8-34)
# Java VM: Java HotSpot(TM) 64-Bit Server VM (26.0.1+8-34, mixed mode, sharing, tiered, compressed oops, compressed class ptrs, g1 gc, windows-amd64)
GC Precious Log:
 CardTable entry size: 512
 Card Set container configuration: InlinePtr #cards 4 size 8 Array Of Cards #cards 16 size 48 Howl #buckets 8 coarsen threshold 3686 Howl Bitmap #cards 512 size 80 coarsen threshold 460 Card regions per heap region 1 cards per card region 4096
 CPUs: 8 total, 8 available
 Memory: 3895M
 Large Page Support: Disabled
 NUMA Support: Disabled
 Compressed Oops: Enabled (Zero based)
 Heap Region Size: 2M
 Heap Min Capacity: 8M
 Heap Initial Capacity: 8M
 Heap Max Capacity: 4G
 Pre-touch: Disabled
 Parallel Workers: 8
 Concurrent Workers: 2
 Concurrent Refinement Workers: 8
 Periodic GC: Disabled
Heap:
 garbage-first heap   total reserved 4194304K, committed 276480K, used 82482K [0x0000000700000000, 0x0000000800000000)
  region size 2M, 0 eden (0M), 4 survivor (8M), 35 old (70M), 2 humongous (4M), 94 free (188M)
GC Heap Usage History (20 events):
Event: 129.964 {heap After GC invocations=21 (full 0):
 garbage-first heap   total reserved 4194304K, committed 276480K, used 35039K [0x0000000700000000, 0x0000000800000000)
  region size 2M, 0 eden (0M), 2 survivor (4M), 14 old (28M), 2 humongous (4M), 117 free (234M)
}
Event: 148.345 {heap Before GC invocations=21 (full 0):
 garbage-first heap   total reserved 4194304K, committed 276480K, used 96479K [0x0000000700000000, 0x0000000800000000)
  region size 2M, 30 eden (60M), 2 survivor (4M), 14 old (28M), 2 humongous (4M), 87 free (174M)
}
Event: 148.479 {heap After GC invocations=22 (full 0):
 garbage-first heap   total reserved 4194304K, committed 276480K, used 39819K [0x0000000700000000, 0x0000000800000000)
  region size 2M, 0 eden (0M), 4 survivor (8M), 14 old (28M), 2 humongous (4M), 115 free (230M)
}
Event: 149.645 {heap Before GC invocations=22 (full 0):
 garbage-first heap   total reserved 4194304K, committed 276480K, used 50059K [0x0000000700000000, 0x0000000800000000)
  region size 2M, 5 eden (10M), 4 survivor (8M), 14 old (28M), 2 humongous (4M), 110 free (220M)
}
Event: 149.778 {heap After GC invocations=23 (full 0):
 garbage-first heap   total reserved 4194304K, committed 276480K, used 46077K [0x0000000700000000, 0x0000000800000000)
  region size 2M, 0 eden (0M), 2 survivor (4M), 19 old (38M), 2 humongous (4M), 112 free (224M)
}
Event: 150.671 {heap Before GC invocations=23 (full 0):
 garbage-first heap   total reserved 4194304K, committed 276480K, used 66557K [0x0000000700000000, 0x0000000800000000)
  region size 2M, 10 eden (20M), 2 survivor (4M), 19 old (38M), 2 humongous (4M), 102 free (204M)
}
Event: 150.769 {heap After GC invocations=24 (full 0):
 garbage-first heap   total reserved 4194304K, committed 276480K, used 52426K [0x0000000700000000, 0x0000000800000000)
  region size 2M, 0 eden (0M), 2 survivor (4M), 22 old (44M), 2 humongous (4M), 109 free (218M)
}
Event: 156.038 {heap Before GC invocations=24 (full 0):
 garbage-first heap   total reserved 4194304K, committed 276480K, used 77002K [0x0000000700000000, 0x0000000800000000)
  region size 2M, 12 eden (24M), 2 survivor (4M), 22 old (44M), 2 humongous (4M), 97 free (194M)
}
Event: 156.102 {heap After GC invocations=25 (full 0):
 garbage-first heap   total reserved 4194304K, committed 276480K, used 56487K [0x0000000700000000, 0x0000000800000000)
  region size 2M, 0 eden (0M), 2 survivor (4M), 24 old (48M), 2 humongous (4M), 107 free (214M)
}
Event: 159.033 {heap Before GC invocations=25 (full 0):
 garbage-first heap   total reserved 4194304K, committed 276480K, used 70823K [0x0000000700000000, 0x0000000800000000)
  region size 2M, 8 eden (16M), 2 survivor (4M), 24 old (48M), 2 humongous (4M), 99 free (198M)
}
Event: 159.113 {heap After GC invocations=26 (full 0):
 garbage-first heap   total reserved 4194304K, committed 276480K, used 56469K [0x0000000700000000, 0x0000000800000000)
  region size 2M, 0 eden (0M), 2 survivor (4M), 24 old (48M), 2 humongous (4M), 107 free (214M)
}
Event: 167.134 {heap Before GC invocations=27 (full 0):
 garbage-first heap   total reserved 4194304K, committed 276480K, used 89237K [0x0000000700000000, 0x0000000800000000)
  region size 2M, 17 eden (34M), 2 survivor (4M), 24 old (48M), 2 humongous (4M), 90 free (180M)
}
Event: 167.256 {heap After GC invocations=28 (full 0):
 garbage-first heap   total reserved 4194304K, committed 276480K, used 60410K [0x0000000700000000, 0x0000000800000000)
  region size 2M, 0 eden (0M), 3 survivor (6M), 26 old (52M), 2 humongous (4M), 104 free (208M)
}
Event: 174.136 {heap Before GC invocations=28 (full 0):
 garbage-first heap   total reserved 4194304K, committed 276480K, used 89082K [0x0000000700000000, 0x0000000800000000)
  region size 2M, 15 eden (30M), 3 survivor (6M), 26 old (52M), 2 humongous (4M), 89 free (178M)
}
Event: 174.254 {heap After GC invocations=29 (full 0):
 garbage-first heap   total reserved 4194304K, committed 276480K, used 61350K [0x0000000700000000, 0x0000000800000000)
  region size 2M, 0 eden (0M), 1 survivor (2M), 28 old (56M), 2 humongous (4M), 104 free (208M)
}
Event: 188.409 {heap Before GC invocations=29 (full 0):
 garbage-first heap   total reserved 4194304K, committed 276480K, used 116646K [0x0000000700000000, 0x0000000800000000)
  region size 2M, 28 eden (56M), 1 survivor (2M), 28 old (56M), 2 humongous (4M), 76 free (152M)
}
Event: 188.563 {heap After GC invocations=30 (full 0):
 garbage-first heap   total reserved 4194304K, committed 276480K, used 67494K [0x0000000700000000, 0x0000000800000000)
  region size 2M, 0 eden (0M), 4 survivor (8M), 28 old (56M), 2 humongous (4M), 101 free (202M)
}
Event: 197.791 {heap Before GC invocations=30 (full 0):
 garbage-first heap   total reserved 4194304K, committed 276480K, used 96166K [0x0000000700000000, 0x0000000800000000)
  region size 2M, 14 eden (28M), 4 survivor (8M), 28 old (56M), 2 humongous (4M), 87 free (174M)
}
Event: 198.014 {heap After GC invocations=31 (full 0):
 garbage-first heap   total reserved 4194304K, committed 276480K, used 68968K [0x0000000700000000, 0x0000000800000000)
  region size 2M, 0 eden (0M), 1 survivor (2M), 31 old (62M), 2 humongous (4M), 101 free (202M)
}
Event: 209.962 {heap Before GC invocations=31 (full 0):
 garbage-first heap   total reserved 4194304K, committed 276480K, used 120168K [0x0000000700000000, 0x0000000800000000)
  region size 2M, 25 eden (50M), 1 survivor (2M), 31 old (62M), 2 humongous (4M), 76 free (152M)
}

