# JRE version: Java(TM) SE Runtime Environment (26.0.1+8) (build 26.0.1+8-34)
# Java VM: Java HotSpot(TM) 64-Bit Server VM (26.0.1+8-34, mixed mode, sharing, tiered, compressed oops, compressed class ptrs, g1 gc, windows-amd64)
GC Precious Log:
 CardTable entry size: 512
 Card Set container configuration: InlinePtr #cards 4 size 8 Array Of Cards #cards 16 size 48 Howl #buckets 8 coarsen threshold 3686 Howl Bitmap #cards 512 size 80 coarsen threshold 460 Card regions per heap region 1 cards per card region 4096
 CPUs: 8 total, 8 available
 Memory: 3895M
 Large Page Support: Disabled
 NUMA Support: Disabled
 Compressed Oops: Enabled (Zero based)
 Heap Region Size: 2M
 Heap Min Capacity: 8M
 Heap Initial Capacity: 8M
 Heap Max Capacity: 4G
 Pre-touch: Disabled
 Parallel Workers: 8
 Concurrent Workers: 2
 Concurrent Refinement Workers: 8
 Periodic GC: Disabled
Heap:
 garbage-first heap   total reserved 4194304K, committed 96256K, used 51150K [0x0000000700000000, 0x0000000800000000)
  region size 2M, 0 eden (0M), 3 survivor (6M), 20 old (40M), 2 humongous (4M), 22 free (44M)
GC Heap Usage History (20 events):
Event: 30.676 {heap After GC invocations=10 (full 0):
 garbage-first heap   total reserved 4194304K, committed 86016K, used 17297K [0x0000000700000000, 0x0000000800000000)
  region size 2M, 0 eden (0M), 1 survivor (2M), 7 old (14M), 2 humongous (4M), 32 free (64M)
}
Event: 43.512 {heap Before GC invocations=11 (full 0):
 garbage-first heap   total reserved 4194304K, committed 86016K, used 45969K [0x0000000700000000, 0x0000000800000000)
  region size 2M, 14 eden (28M), 1 survivor (2M), 7 old (14M), 2 humongous (4M), 18 free (36M)
}
Event: 43.579 {heap After GC invocations=12 (full 0):
 garbage-first heap   total reserved 4194304K, committed 86016K, used 20653K [0x0000000700000000, 0x0000000800000000)
  region size 2M, 0 eden (0M), 2 survivor (4M), 7 old (14M), 2 humongous (4M), 31 free (62M)
}
Event: 57.728 {heap Before GC invocations=12 (full 0):
 garbage-first heap   total reserved 4194304K, committed 86016K, used 65709K [0x0000000700000000, 0x0000000800000000)
  region size 2M, 23 eden (46M), 2 survivor (4M), 7 old (14M), 2 humongous (4M), 8 free (16M)
}
Event: 57.886 {heap After GC invocations=13 (full 0):
 garbage-first heap   total reserved 4194304K, committed 86016K, used 23009K [0x0000000700000000, 0x0000000800000000)
  region size 2M, 0 eden (0M), 3 survivor (6M), 7 old (14M), 2 humongous (4M), 30 free (60M)
}
Event: 62.239 {heap Before GC invocations=13 (full 0):
 garbage-first heap   total reserved 4194304K, committed 86016K, used 41441K [0x0000000700000000, 0x0000000800000000)
  region size 2M, 11 eden (22M), 3 survivor (6M), 7 old (14M), 2 humongous (4M), 19 free (38M)
}
Event: 62.345 {heap After GC invocations=14 (full 0):
 garbage-first heap   total reserved 4194304K, committed 86016K, used 24369K [0x0000000700000000, 0x0000000800000000)
  region size 2M, 0 eden (0M), 2 survivor (4M), 9 old (18M), 2 humongous (4M), 29 free (58M)
}
Event: 71.262 {heap Before GC invocations=15 (full 0):
 garbage-first heap   total reserved 4194304K, committed 86016K, used 71473K [0x0000000700000000, 0x0000000800000000)
  region size 2M, 23 eden (46M), 2 survivor (4M), 9 old (18M), 2 humongous (4M), 6 free (12M)
}
Event: 71.332 {heap After GC invocations=16 (full 0):
 garbage-first heap   total reserved 4194304K, committed 86016K, used 27049K [0x0000000700000000, 0x0000000800000000)
  region size 2M, 0 eden (0M), 4 survivor (8M), 9 old (18M), 2 humongous (4M), 27 free (54M)
}
Event: 78.898 {heap Before GC invocations=16 (full 0):
 garbage-first heap   total reserved 4194304K, committed 86016K, used 70057K [0x0000000700000000, 0x0000000800000000)
  region size 2M, 21 eden (42M), 4 survivor (8M), 9 old (18M), 2 humongous (4M), 6 free (12M)
}
Event: 78.997 {heap After GC invocations=17 (full 0):
 garbage-first heap   total reserved 4194304K, committed 86016K, used 29021K [0x0000000700000000, 0x0000000800000000)
  region size 2M, 0 eden (0M), 3 survivor (6M), 10 old (20M), 2 humongous (4M), 27 free (54M)
}
Event: 84.191 {heap Before GC invocations=17 (full 0):
 garbage-first heap   total reserved 4194304K, committed 86016K, used 49501K [0x0000000700000000, 0x0000000800000000)
  region size 2M, 12 eden (24M), 3 survivor (6M), 10 old (20M), 2 humongous (4M), 15 free (30M)
}
Event: 84.333 {heap After GC invocations=18 (full 0):
 garbage-first heap   total reserved 4194304K, committed 86016K, used 31120K [0x0000000700000000, 0x0000000800000000)
  region size 2M, 0 eden (0M), 3 survivor (6M), 12 old (24M), 2 humongous (4M), 25 free (50M)
}
Event: 91.997 {heap Before GC invocations=19 (full 0):
 garbage-first heap   total reserved 4194304K, committed 86016K, used 72080K [0x0000000700000000, 0x0000000800000000)
  region size 2M, 21 eden (42M), 3 survivor (6M), 12 old (24M), 2 humongous (4M), 4 free (8M)
}
Event: 92.067 {heap After GC invocations=20 (full 0):
 garbage-first heap   total reserved 4194304K, committed 86016K, used 33575K [0x0000000700000000, 0x0000000800000000)
  region size 2M, 0 eden (0M), 3 survivor (6M), 13 old (26M), 2 humongous (4M), 24 free (48M)
}
Event: 100.241 {heap Before GC invocations=20 (full 0):
 garbage-first heap   total reserved 4194304K, committed 86016K, used 74535K [0x0000000700000000, 0x0000000800000000)
  region size 2M, 20 eden (40M), 3 survivor (6M), 13 old (26M), 2 humongous (4M), 4 free (8M)
}
Event: 100.308 {heap After GC invocations=21 (full 0):
 garbage-first heap   total reserved 4194304K, committed 86016K, used 35019K [0x0000000700000000, 0x0000000800000000)
  region size 2M, 0 eden (0M), 2 survivor (4M), 14 old (28M), 2 humongous (4M), 24 free (48M)
}
Event: 108.321 {heap Before GC invocations=21 (full 0):
 garbage-first heap   total reserved 4194304K, committed 86016K, used 75979K [0x0000000700000000, 0x0000000800000000)
  region size 2M, 20 eden (40M), 2 survivor (4M), 14 old (28M), 2 humongous (4M), 4 free (8M)
}
Event: 108.413 {heap After GC invocations=22 (full 0):
 garbage-first heap   total reserved 4194304K, committed 86016K, used 36010K [0x0000000700000000, 0x0000000800000000)
  region size 2M, 0 eden (0M), 2 survivor (4M), 15 old (30M), 2 humongous (4M), 23 free (46M)
}
Event: 111.647 {heap Before GC invocations=22 (full 0):
 garbage-first heap   total reserved 4194304K, committed 86016K, used 76970K [0x0000000700000000, 0x0000000800000000)
  region size 2M, 20 eden (40M), 2 survivor (4M), 15 old (30M), 2 humongous (4M), 3 free (6M)
}

