# JRE version: Java(TM) SE Runtime Environment (26.0.1+8) (build 26.0.1+8-34)
# Java VM: Java HotSpot(TM) 64-Bit Server VM (26.0.1+8-34, mixed mode, sharing, tiered, compressed oops, compressed class ptrs, g1 gc, windows-amd64)
GC Precious Log:
 CardTable entry size: 512
 Card Set container configuration: InlinePtr #cards 4 size 8 Array Of Cards #cards 16 size 48 Howl #buckets 8 coarsen threshold 3686 Howl Bitmap #cards 512 size 80 coarsen threshold 460 Card regions per heap region 1 cards per card region 4096
 CPUs: 8 total, 8 available
 Memory: 3895M
 Large Page Support: Disabled
 NUMA Support: Disabled
 Compressed Oops: Enabled (Zero based)
 Heap Region Size: 2M
 Heap Min Capacity: 8M
 Heap Initial Capacity: 8M
 Heap Max Capacity: 4G
 Pre-touch: Disabled
 Parallel Workers: 8
 Concurrent Workers: 2
 Concurrent Refinement Workers: 8
 Periodic GC: Disabled
Heap:
 garbage-first heap   total reserved 4194304K, committed 264192K, used 112640K [0x0000000700000000, 0x0000000800000000)
  region size 2M, 0 eden (0M), 7 survivor (14M), 44 old (88M), 4 humongous (8M), 74 free (148M)
GC Heap Usage History (20 events):
Event: 100.839 {heap After GC invocations=21 (full 0):
 garbage-first heap   total reserved 4194304K, committed 88064K, used 35673K [0x0000000700000000, 0x0000000800000000)
  region size 2M, 0 eden (0M), 3 survivor (6M), 14 old (28M), 2 humongous (4M), 24 free (48M)
}
Event: 110.073 {heap Before GC invocations=21 (full 0):
 garbage-first heap   total reserved 4194304K, committed 88064K, used 76633K [0x0000000700000000, 0x0000000800000000)
  region size 2M, 20 eden (40M), 3 survivor (6M), 14 old (28M), 2 humongous (4M), 4 free (8M)
}
Event: 110.161 {heap After GC invocations=22 (full 0):
 garbage-first heap   total reserved 4194304K, committed 88064K, used 38114K [0x0000000700000000, 0x0000000800000000)
  region size 2M, 0 eden (0M), 3 survivor (6M), 15 old (30M), 2 humongous (4M), 23 free (46M)
}
Event: 117.021 {heap Before GC invocations=22 (full 0):
 garbage-first heap   total reserved 4194304K, committed 88064K, used 77026K [0x0000000700000000, 0x0000000800000000)
  region size 2M, 19 eden (38M), 3 survivor (6M), 15 old (30M), 2 humongous (4M), 4 free (8M)
}
Event: 117.106 {heap After GC invocations=23 (full 0):
 garbage-first heap   total reserved 4194304K, committed 264192K, used 41369K [0x0000000700000000, 0x0000000800000000)
  region size 2M, 0 eden (0M), 3 survivor (6M), 16 old (32M), 2 humongous (4M), 108 free (216M)
}
Event: 146.100 {heap Before GC invocations=23 (full 0):
 garbage-first heap   total reserved 4194304K, committed 264192K, used 125337K [0x0000000700000000, 0x0000000800000000)
  region size 2M, 42 eden (84M), 3 survivor (6M), 16 old (32M), 2 humongous (4M), 66 free (132M)
}
Event: 146.297 {heap After GC invocations=24 (full 0):
 garbage-first heap   total reserved 4194304K, committed 264192K, used 47476K [0x0000000700000000, 0x0000000800000000)
  region size 2M, 0 eden (0M), 6 survivor (12M), 16 old (32M), 2 humongous (4M), 105 free (210M)
}
Event: 160.136 {heap Before GC invocations=25 (full 0):
 garbage-first heap   total reserved 4194304K, committed 264192K, used 63860K [0x0000000700000000, 0x0000000800000000)
  region size 2M, 8 eden (16M), 6 survivor (12M), 16 old (32M), 2 humongous (4M), 97 free (194M)
}
Event: 160.328 {heap After GC invocations=26 (full 0):
 garbage-first heap   total reserved 4194304K, committed 264192K, used 48827K [0x0000000700000000, 0x0000000800000000)
  region size 2M, 0 eden (0M), 1 survivor (2M), 21 old (42M), 2 humongous (4M), 105 free (210M)
}
Event: 191.210 {heap Before GC invocations=26 (full 0):
 garbage-first heap   total reserved 4194304K, committed 264192K, used 206523K [0x0000000700000000, 0x0000000800000000)
  region size 2M, 76 eden (152M), 1 survivor (2M), 21 old (42M), 4 humongous (8M), 27 free (54M)
}
Event: 191.432 {heap After GC invocations=27 (full 0):
 garbage-first heap   total reserved 4194304K, committed 264192K, used 61254K [0x0000000700000000, 0x0000000800000000)
  region size 2M, 0 eden (0M), 5 survivor (10M), 21 old (42M), 4 humongous (8M), 99 free (198M)
}
Event: 203.667 {heap Before GC invocations=27 (full 0):
 garbage-first heap   total reserved 4194304K, committed 264192K, used 114502K [0x0000000700000000, 0x0000000800000000)
  region size 2M, 26 eden (52M), 5 survivor (10M), 21 old (42M), 4 humongous (8M), 73 free (146M)
}
Event: 203.847 {heap After GC invocations=28 (full 0):
 garbage-first heap   total reserved 4194304K, committed 264192K, used 63696K [0x0000000700000000, 0x0000000800000000)
  region size 2M, 0 eden (0M), 2 survivor (4M), 26 old (52M), 4 humongous (8M), 97 free (194M)
}
Event: 255.479 {heap Before GC invocations=28 (full 0):
 garbage-first heap   total reserved 4194304K, committed 264192K, used 215248K [0x0000000700000000, 0x0000000800000000)
  region size 2M, 74 eden (148M), 2 survivor (4M), 26 old (52M), 4 humongous (8M), 23 free (46M)
}
Event: 256.049 {heap After GC invocations=29 (full 0):
 garbage-first heap   total reserved 4194304K, committed 264192K, used 91546K [0x0000000700000000, 0x0000000800000000)
  region size 2M, 0 eden (0M), 10 survivor (20M), 31 old (62M), 4 humongous (8M), 84 free (168M)
}
Event: 256.550 {heap Before GC invocations=29 (full 0):
 garbage-first heap   total reserved 4194304K, committed 264192K, used 93594K [0x0000000700000000, 0x0000000800000000)
  region size 2M, 1 eden (2M), 10 survivor (20M), 31 old (62M), 4 humongous (8M), 83 free (166M)
}
Event: 256.948 {heap After GC invocations=30 (full 0):
 garbage-first heap   total reserved 4194304K, committed 264192K, used 95411K [0x0000000700000000, 0x0000000800000000)
  region size 2M, 0 eden (0M), 2 survivor (4M), 42 old (84M), 4 humongous (8M), 81 free (162M)
}
Event: 276.213 {heap Before GC invocations=30 (full 0):
 garbage-first heap   total reserved 4194304K, committed 264192K, used 140467K [0x0000000700000000, 0x0000000800000000)
  region size 2M, 24 eden (48M), 2 survivor (4M), 42 old (84M), 4 humongous (8M), 57 free (114M)
}
Event: 276.428 {heap After GC invocations=31 (full 0):
 garbage-first heap   total reserved 4194304K, committed 264192K, used 94722K [0x0000000700000000, 0x0000000800000000)
  region size 2M, 0 eden (0M), 2 survivor (4M), 42 old (84M), 4 humongous (8M), 81 free (162M)
}
Event: 302.470 {heap Before GC invocations=32 (full 0):
 garbage-first heap   total reserved 4194304K, committed 264192K, used 199170K [0x0000000700000000, 0x0000000800000000)
  region size 2M, 51 eden (102M), 2 survivor (4M), 42 old (84M), 4 humongous (8M), 30 free (60M)
}

