# JRE version: OpenJDK Runtime Environment (21.0.10) (build 21.0.10+-14961533-b1163.108)
# Java VM: OpenJDK 64-Bit Server VM (21.0.10+-14961533-b1163.108, mixed mode, tiered, compressed oops, compressed class ptrs, g1 gc, windows-amd64)
GC Precious Log:
 CardTable entry size: 512
 Card Set container configuration: InlinePtr #cards 4 size 8 Array Of Cards #cards 16 size 48 Howl #buckets 8 coarsen threshold 3686 Howl Bitmap #cards 512 size 80 coarsen threshold 460 Card regions per heap region 1 cards per card region 4096
 CPUs: 8 total, 8 available
 Memory: 3895M
 Large Page Support: Disabled
 NUMA Support: Disabled
 Compressed Oops: Enabled (Zero based)
 Heap Region Size: 2M
 Heap Min Capacity: 8M
 Heap Initial Capacity: 62M
 Heap Max Capacity: 4G
 Pre-touch: Disabled
 Parallel Workers: 8
 Concurrent Workers: 2
 Concurrent Refinement Workers: 8
 Periodic GC: Disabled
Heap:
 garbage-first heap   total 450560K, used 112683K [0x0000000700000000, 0x0000000800000000)
  region size 2048K, 2 young (4096K), 2 survivors (4096K)
 Metaspace       used 69767K, committed 71424K, reserved 491520K
  class space    used 9676K, committed 10496K, reserved 425984K
GC Heap History (20 events):
Event: 361.216 GC heap after
{Heap after GC invocations=92 (full 0):
 garbage-first heap   total 311296K, used 101646K [0x0000000700000000, 0x0000000800000000)
  region size 2048K, 7 young (14336K), 7 survivors (14336K)
 Metaspace       used 69740K, committed 71424K, reserved 491520K
  class space    used 9676K, committed 10496K, reserved 425984K
}
Event: 365.563 GC heap before
{Heap before GC invocations=92 (full 0):
 garbage-first heap   total 311296K, used 273678K [0x0000000700000000, 0x0000000800000000)
  region size 2048K, 91 young (186368K), 7 survivors (14336K)
 Metaspace       used 69740K, committed 71424K, reserved 491520K
  class space    used 9676K, committed 10496K, reserved 425984K
}
Event: 365.638 GC heap after
{Heap after GC invocations=93 (full 0):
 garbage-first heap   total 311296K, used 102067K [0x0000000700000000, 0x0000000800000000)
  region size 2048K, 6 young (12288K), 6 survivors (12288K)
 Metaspace       used 69740K, committed 71424K, reserved 491520K
  class space    used 9676K, committed 10496K, reserved 425984K
}
Event: 370.344 GC heap before
{Heap before GC invocations=93 (full 0):
 garbage-first heap   total 311296K, used 276147K [0x0000000700000000, 0x0000000800000000)
  region size 2048K, 91 young (186368K), 6 survivors (12288K)
 Metaspace       used 69747K, committed 71424K, reserved 491520K
  class space    used 9676K, committed 10496K, reserved 425984K
}
Event: 370.487 GC heap after
{Heap after GC invocations=94 (full 0):
 garbage-first heap   total 374784K, used 103312K [0x0000000700000000, 0x0000000800000000)
  region size 2048K, 7 young (14336K), 7 survivors (14336K)
 Metaspace       used 69747K, committed 71424K, reserved 491520K
  class space    used 9676K, committed 10496K, reserved 425984K
}
Event: 377.224 GC heap before
{Heap before GC invocations=94 (full 0):
 garbage-first heap   total 374784K, used 312208K [0x0000000700000000, 0x0000000800000000)
  region size 2048K, 109 young (223232K), 7 survivors (14336K)
 Metaspace       used 69751K, committed 71424K, reserved 491520K
  class space    used 9676K, committed 10496K, reserved 425984K
}
Event: 377.328 GC heap after
{Heap after GC invocations=95 (full 0):
 garbage-first heap   total 374784K, used 104745K [0x0000000700000000, 0x0000000800000000)
  region size 2048K, 7 young (14336K), 7 survivors (14336K)
 Metaspace       used 69751K, committed 71424K, reserved 491520K
  class space    used 9676K, committed 10496K, reserved 425984K
}
Event: 383.938 GC heap before
{Heap before GC invocations=95 (full 0):
 garbage-first heap   total 374784K, used 313641K [0x0000000700000000, 0x0000000800000000)
  region size 2048K, 109 young (223232K), 7 survivors (14336K)
 Metaspace       used 69752K, committed 71424K, reserved 491520K
  class space    used 9676K, committed 10496K, reserved 425984K
}
Event: 384.077 GC heap after
{Heap after GC invocations=96 (full 0):
 garbage-first heap   total 374784K, used 105565K [0x0000000700000000, 0x0000000800000000)
  region size 2048K, 7 young (14336K), 7 survivors (14336K)
 Metaspace       used 69752K, committed 71424K, reserved 491520K
  class space    used 9676K, committed 10496K, reserved 425984K
}
Event: 391.649 GC heap before
{Heap before GC invocations=96 (full 0):
 garbage-first heap   total 374784K, used 314461K [0x0000000700000000, 0x0000000800000000)
  region size 2048K, 109 young (223232K), 7 survivors (14336K)
 Metaspace       used 69752K, committed 71424K, reserved 491520K
  class space    used 9676K, committed 10496K, reserved 425984K
}
Event: 391.779 GC heap after
{Heap after GC invocations=97 (full 0):
 garbage-first heap   total 374784K, used 107049K [0x0000000700000000, 0x0000000800000000)
  region size 2048K, 8 young (16384K), 8 survivors (16384K)
 Metaspace       used 69752K, committed 71424K, reserved 491520K
  class space    used 9676K, committed 10496K, reserved 425984K
}
Event: 398.709 GC heap before
{Heap before GC invocations=97 (full 0):
 garbage-first heap   total 374784K, used 313897K [0x0000000700000000, 0x0000000800000000)
  region size 2048K, 109 young (223232K), 8 survivors (16384K)
 Metaspace       used 69753K, committed 71424K, reserved 491520K
  class space    used 9676K, committed 10496K, reserved 425984K
}
Event: 398.865 GC heap after
{Heap after GC invocations=98 (full 0):
 garbage-first heap   total 450560K, used 108786K [0x0000000700000000, 0x0000000800000000)
  region size 2048K, 8 young (16384K), 8 survivors (16384K)
 Metaspace       used 69753K, committed 71424K, reserved 491520K
  class space    used 9676K, committed 10496K, reserved 425984K
}
Event: 405.811 GC heap before
{Heap before GC invocations=98 (full 0):
 garbage-first heap   total 450560K, used 362738K [0x0000000700000000, 0x0000000800000000)
  region size 2048K, 132 young (270336K), 8 survivors (16384K)
 Metaspace       used 69761K, committed 71424K, reserved 491520K
  class space    used 9676K, committed 10496K, reserved 425984K
}
Event: 406.000 GC heap after
{Heap after GC invocations=99 (full 0):
 garbage-first heap   total 450560K, used 109716K [0x0000000700000000, 0x0000000800000000)
  region size 2048K, 8 young (16384K), 8 survivors (16384K)
 Metaspace       used 69761K, committed 71424K, reserved 491520K
  class space    used 9676K, committed 10496K, reserved 425984K
}
Event: 418.016 GC heap before
{Heap before GC invocations=99 (full 0):
 garbage-first heap   total 450560K, used 361620K [0x0000000700000000, 0x0000000800000000)
  region size 2048K, 132 young (270336K), 8 survivors (16384K)
 Metaspace       used 69763K, committed 71424K, reserved 491520K
  class space    used 9676K, committed 10496K, reserved 425984K
}
Event: 418.295 GC heap after
{Heap after GC invocations=100 (full 0):
 garbage-first heap   total 450560K, used 111275K [0x0000000700000000, 0x0000000800000000)
  region size 2048K, 8 young (16384K), 8 survivors (16384K)
 Metaspace       used 69763K, committed 71424K, reserved 491520K
  class space    used 9676K, committed 10496K, reserved 425984K
}
Event: 418.637 GC heap before
{Heap before GC invocations=100 (full 0):
 garbage-first heap   total 450560K, used 117419K [0x0000000700000000, 0x0000000800000000)
  region size 2048K, 11 young (22528K), 8 survivors (16384K)
 Metaspace       used 69763K, committed 71424K, reserved 491520K
  class space    used 9676K, committed 10496K, reserved 425984K
}
Event: 418.942 GC heap after
{Heap after GC invocations=101 (full 0):
 garbage-first heap   total 450560K, used 112782K [0x0000000700000000, 0x0000000800000000)
  region size 2048K, 2 young (4096K), 2 survivors (4096K)
 Metaspace       used 69763K, committed 71424K, reserved 491520K
  class space    used 9676K, committed 10496K, reserved 425984K
}
Event: 426.452 GC heap before
{Heap before GC invocations=101 (full 0):
 garbage-first heap   total 450560K, used 379022K [0x0000000700000000, 0x0000000800000000)
  region size 2048K, 132 young (270336K), 2 survivors (4096K)
 Metaspace       used 69767K, committed 71424K, reserved 491520K
  class space    used 9676K, committed 10496K, reserved 425984K
}

