# JRE version: Java(TM) SE Runtime Environment (26.0.1+8) (build 26.0.1+8-34)
# Java VM: Java HotSpot(TM) 64-Bit Server VM (26.0.1+8-34, mixed mode, sharing, tiered, compressed oops, compressed class ptrs, g1 gc, windows-amd64)
GC Precious Log:
 CardTable entry size: 512
 Card Set container configuration: InlinePtr #cards 4 size 8 Array Of Cards #cards 16 size 48 Howl #buckets 8 coarsen threshold 3686 Howl Bitmap #cards 512 size 80 coarsen threshold 460 Card regions per heap region 1 cards per card region 4096
 CPUs: 8 total, 8 available
 Memory: 3895M
 Large Page Support: Disabled
 NUMA Support: Disabled
 Compressed Oops: Enabled (Zero based)
 Heap Region Size: 2M
 Heap Min Capacity: 8M
 Heap Initial Capacity: 8M
 Heap Max Capacity: 4G
 Pre-touch: Disabled
 Parallel Workers: 8
 Concurrent Workers: 2
 Concurrent Refinement Workers: 8
 Periodic GC: Disabled
Heap:
 garbage-first heap   total reserved 4194304K, committed 276480K, used 187160K [0x0000000700000000, 0x0000000800000000)
  region size 2M, 75 eden (150M), 4 survivor (8M), 12 old (24M), 2 humongous (4M), 42 free (84M)
GC Heap Usage History (20 events):
Event: 41.442 {heap Before GC invocations=14 (full 0):
 garbage-first heap   total reserved 4194304K, committed 92160K, used 52542K [0x0000000700000000, 0x0000000800000000)
  region size 2M, 16 eden (32M), 1 survivor (2M), 8 old (16M), 2 humongous (4M), 18 free (36M)
}
Event: 41.511 {heap After GC invocations=15 (full 0):
 garbage-first heap   total reserved 4194304K, committed 92160K, used 23669K [0x0000000700000000, 0x0000000800000000)
  region size 2M, 0 eden (0M), 2 survivor (4M), 8 old (16M), 2 humongous (4M), 33 free (66M)
}
Event: 46.946 {heap Before GC invocations=15 (full 0):
 garbage-first heap   total reserved 4194304K, committed 92160K, used 35957K [0x0000000700000000, 0x0000000800000000)
  region size 2M, 8 eden (16M), 2 survivor (4M), 8 old (16M), 2 humongous (4M), 25 free (50M)
}
Event: 46.992 {heap After GC invocations=16 (full 0):
 garbage-first heap   total reserved 4194304K, committed 92160K, used 24245K [0x0000000700000000, 0x0000000800000000)
  region size 2M, 0 eden (0M), 2 survivor (4M), 8 old (16M), 2 humongous (4M), 33 free (66M)
}
Event: 55.036 {heap Before GC invocations=17 (full 0):
 garbage-first heap   total reserved 4194304K, committed 92160K, used 65205K [0x0000000700000000, 0x0000000800000000)
  region size 2M, 20 eden (40M), 2 survivor (4M), 8 old (16M), 2 humongous (4M), 13 free (26M)
}
Event: 55.125 {heap After GC invocations=18 (full 0):
 garbage-first heap   total reserved 4194304K, committed 92160K, used 26642K [0x0000000700000000, 0x0000000800000000)
  region size 2M, 0 eden (0M), 3 survivor (6M), 9 old (18M), 2 humongous (4M), 31 free (62M)
}
Event: 63.086 {heap Before GC invocations=18 (full 0):
 garbage-first heap   total reserved 4194304K, committed 92160K, used 67602K [0x0000000700000000, 0x0000000800000000)
  region size 2M, 21 eden (42M), 3 survivor (6M), 9 old (18M), 2 humongous (4M), 10 free (20M)
}
Event: 63.175 {heap After GC invocations=19 (full 0):
 garbage-first heap   total reserved 4194304K, committed 92160K, used 28502K [0x0000000700000000, 0x0000000800000000)
  region size 2M, 0 eden (0M), 3 survivor (6M), 10 old (20M), 2 humongous (4M), 30 free (60M)
}
Event: 68.264 {heap Before GC invocations=19 (full 0):
 garbage-first heap   total reserved 4194304K, committed 92160K, used 55126K [0x0000000700000000, 0x0000000800000000)
  region size 2M, 15 eden (30M), 3 survivor (6M), 10 old (20M), 2 humongous (4M), 15 free (30M)
}
Event: 68.366 {heap After GC invocations=20 (full 0):
 garbage-first heap   total reserved 4194304K, committed 92160K, used 31085K [0x0000000700000000, 0x0000000800000000)
  region size 2M, 0 eden (0M), 4 survivor (8M), 10 old (20M), 2 humongous (4M), 29 free (58M)
}
Event: 72.895 {heap Before GC invocations=21 (full 0):
 garbage-first heap   total reserved 4194304K, committed 92160K, used 76141K [0x0000000700000000, 0x0000000800000000)
  region size 2M, 22 eden (44M), 4 survivor (8M), 10 old (20M), 2 humongous (4M), 7 free (14M)
}
Event: 73.000 {heap After GC invocations=22 (full 0):
 garbage-first heap   total reserved 4194304K, committed 92160K, used 32430K [0x0000000700000000, 0x0000000800000000)
  region size 2M, 0 eden (0M), 2 survivor (4M), 12 old (24M), 2 humongous (4M), 29 free (58M)
}
Event: 75.112 {heap Before GC invocations=22 (full 0):
 garbage-first heap   total reserved 4194304K, committed 92160K, used 79534K [0x0000000700000000, 0x0000000800000000)
  region size 2M, 23 eden (46M), 2 survivor (4M), 12 old (24M), 2 humongous (4M), 6 free (12M)
}
Event: 75.191 {heap After GC invocations=23 (full 0):
 garbage-first heap   total reserved 4194304K, committed 276480K, used 32635K [0x0000000700000000, 0x0000000800000000)
  region size 2M, 0 eden (0M), 3 survivor (6M), 12 old (24M), 2 humongous (4M), 118 free (236M)
}
Event: 83.583 {heap Before GC invocations=23 (full 0):
 garbage-first heap   total reserved 4194304K, committed 276480K, used 192379K [0x0000000700000000, 0x0000000800000000)
  region size 2M, 78 eden (156M), 3 survivor (6M), 12 old (24M), 2 humongous (4M), 40 free (80M)
}
Event: 83.699 {heap After GC invocations=24 (full 0):
 garbage-first heap   total reserved 4194304K, committed 276480K, used 33386K [0x0000000700000000, 0x0000000800000000)
  region size 2M, 0 eden (0M), 3 survivor (6M), 12 old (24M), 2 humongous (4M), 118 free (236M)
}
Event: 96.758 {heap Before GC invocations=24 (full 0):
 garbage-first heap   total reserved 4194304K, committed 276480K, used 193130K [0x0000000700000000, 0x0000000800000000)
  region size 2M, 78 eden (156M), 3 survivor (6M), 12 old (24M), 2 humongous (4M), 40 free (80M)
}
Event: 96.834 {heap After GC invocations=25 (full 0):
 garbage-first heap   total reserved 4194304K, committed 276480K, used 34360K [0x0000000700000000, 0x0000000800000000)
  region size 2M, 0 eden (0M), 3 survivor (6M), 12 old (24M), 2 humongous (4M), 118 free (236M)
}
Event: 105.215 {heap Before GC invocations=25 (full 0):
 garbage-first heap   total reserved 4194304K, committed 276480K, used 194104K [0x0000000700000000, 0x0000000800000000)
  region size 2M, 78 eden (156M), 3 survivor (6M), 12 old (24M), 2 humongous (4M), 40 free (80M)
}
Event: 105.291 {heap After GC invocations=26 (full 0):
 garbage-first heap   total reserved 4194304K, committed 276480K, used 35608K [0x0000000700000000, 0x0000000800000000)
  region size 2M, 0 eden (0M), 4 survivor (8M), 12 old (24M), 2 humongous (4M), 117 free (234M)
}

