# JRE version: Java(TM) SE Runtime Environment (26.0.1+8) (build 26.0.1+8-34)
# Java VM: Java HotSpot(TM) 64-Bit Server VM (26.0.1+8-34, mixed mode, sharing, tiered, compressed oops, compressed class ptrs, g1 gc, windows-amd64)
GC Precious Log:
 CardTable entry size: 512
 Card Set container configuration: InlinePtr #cards 4 size 8 Array Of Cards #cards 16 size 48 Howl #buckets 8 coarsen threshold 3686 Howl Bitmap #cards 512 size 80 coarsen threshold 460 Card regions per heap region 1 cards per card region 4096
 CPUs: 8 total, 8 available
 Memory: 3895M
 Large Page Support: Disabled
 NUMA Support: Disabled
 Compressed Oops: Enabled (Zero based)
 Heap Region Size: 2M
 Heap Min Capacity: 8M
 Heap Initial Capacity: 8M
 Heap Max Capacity: 4G
 Pre-touch: Disabled
 Parallel Workers: 8
 Concurrent Workers: 2
 Concurrent Refinement Workers: 8
 Periodic GC: Disabled
Heap:
 garbage-first heap   total reserved 4194304K, committed 276480K, used 52236K [0x0000000700000000, 0x0000000800000000)
  region size 2M, 4 eden (8M), 2 survivor (4M), 18 old (36M), 3 humongous (6M), 108 free (216M)
GC Heap Usage History (20 events):
Event: 221.617 {heap Before GC invocations=21 (full 0):
 garbage-first heap   total reserved 4194304K, committed 92160K, used 76561K [0x0000000700000000, 0x0000000800000000)
  region size 2M, 26 eden (52M), 1 survivor (2M), 10 old (20M), 2 humongous (4M), 6 free (12M)
}
Event: 221.977 {heap After GC invocations=22 (full 0):
 garbage-first heap   total reserved 4194304K, committed 92160K, used 27648K [0x0000000700000000, 0x0000000800000000)
  region size 2M, 0 eden (0M), 2 survivor (4M), 10 old (20M), 2 humongous (4M), 31 free (62M)
}
Event: 232.755 {heap Before GC invocations=22 (full 0):
 garbage-first heap   total reserved 4194304K, committed 92160K, used 35840K [0x0000000700000000, 0x0000000800000000)
  region size 2M, 4 eden (8M), 2 survivor (4M), 10 old (20M), 2 humongous (4M), 27 free (54M)
}
Event: 232.964 {heap After GC invocations=23 (full 0):
 garbage-first heap   total reserved 4194304K, committed 92160K, used 28242K [0x0000000700000000, 0x0000000800000000)
  region size 2M, 0 eden (0M), 1 survivor (2M), 12 old (24M), 2 humongous (4M), 30 free (60M)
}
Event: 253.087 {heap Before GC invocations=23 (full 0):
 garbage-first heap   total reserved 4194304K, committed 92160K, used 65106K [0x0000000700000000, 0x0000000800000000)
  region size 2M, 19 eden (38M), 1 survivor (2M), 12 old (24M), 2 humongous (4M), 11 free (22M)
}
Event: 253.490 {heap After GC invocations=24 (full 0):
 garbage-first heap   total reserved 4194304K, committed 92160K, used 30150K [0x0000000700000000, 0x0000000800000000)
  region size 2M, 0 eden (0M), 2 survivor (4M), 12 old (24M), 2 humongous (4M), 29 free (58M)
}
Event: 258.970 {heap Before GC invocations=24 (full 0):
 garbage-first heap   total reserved 4194304K, committed 92160K, used 32198K [0x0000000700000000, 0x0000000800000000)
  region size 2M, 2 eden (4M), 2 survivor (4M), 12 old (24M), 2 humongous (4M), 27 free (54M)
}
Event: 259.097 {heap After GC invocations=25 (full 0):
 garbage-first heap   total reserved 4194304K, committed 92160K, used 30515K [0x0000000700000000, 0x0000000800000000)
  region size 2M, 0 eden (0M), 1 survivor (2M), 13 old (26M), 2 humongous (4M), 29 free (58M)
}
Event: 287.122 {heap Before GC invocations=26 (full 0):
 garbage-first heap   total reserved 4194304K, committed 92160K, used 79667K [0x0000000700000000, 0x0000000800000000)
  region size 2M, 24 eden (48M), 1 survivor (2M), 13 old (26M), 2 humongous (4M), 5 free (10M)
}
Event: 287.248 {heap After GC invocations=27 (full 0):
 garbage-first heap   total reserved 4194304K, committed 276480K, used 35214K [0x0000000700000000, 0x0000000800000000)
  region size 2M, 0 eden (0M), 3 survivor (6M), 13 old (26M), 2 humongous (4M), 117 free (234M)
}
Event: 293.001 {heap Before GC invocations=27 (full 0):
 garbage-first heap   total reserved 4194304K, committed 276480K, used 41358K [0x0000000700000000, 0x0000000800000000)
  region size 2M, 3 eden (6M), 3 survivor (6M), 13 old (26M), 2 humongous (4M), 114 free (228M)
}
Event: 293.110 {heap After GC invocations=28 (full 0):
 garbage-first heap   total reserved 4194304K, committed 276480K, used 35771K [0x0000000700000000, 0x0000000800000000)
  region size 2M, 0 eden (0M), 1 survivor (2M), 16 old (32M), 2 humongous (4M), 116 free (232M)
}
Event: 432.877 {heap Before GC invocations=28 (full 0):
 garbage-first heap   total reserved 4194304K, committed 276480K, used 89019K [0x0000000700000000, 0x0000000800000000)
  region size 2M, 26 eden (52M), 1 survivor (2M), 16 old (32M), 3 humongous (6M), 89 free (178M)
}
Event: 433.165 {heap After GC invocations=29 (full 0):
 garbage-first heap   total reserved 4194304K, committed 276480K, used 42652K [0x0000000700000000, 0x0000000800000000)
  region size 2M, 0 eden (0M), 3 survivor (6M), 16 old (32M), 3 humongous (6M), 113 free (226M)
}
Event: 446.961 {heap Before GC invocations=29 (full 0):
 garbage-first heap   total reserved 4194304K, committed 276480K, used 54940K [0x0000000700000000, 0x0000000800000000)
  region size 2M, 6 eden (12M), 3 survivor (6M), 16 old (32M), 3 humongous (6M), 107 free (214M)
}
Event: 447.117 {heap After GC invocations=30 (full 0):
 garbage-first heap   total reserved 4194304K, committed 276480K, used 43882K [0x0000000700000000, 0x0000000800000000)
  region size 2M, 0 eden (0M), 1 survivor (2M), 18 old (36M), 3 humongous (6M), 113 free (226M)
}
Event: 489.282 {heap Before GC invocations=30 (full 0):
 garbage-first heap   total reserved 4194304K, committed 276480K, used 86890K [0x0000000700000000, 0x0000000800000000)
  region size 2M, 21 eden (42M), 1 survivor (2M), 18 old (36M), 3 humongous (6M), 92 free (184M)
}
Event: 489.407 {heap After GC invocations=31 (full 0):
 garbage-first heap   total reserved 4194304K, committed 276480K, used 44921K [0x0000000700000000, 0x0000000800000000)
  region size 2M, 0 eden (0M), 2 survivor (4M), 18 old (36M), 3 humongous (6M), 112 free (224M)
}
Event: 504.405 {heap Before GC invocations=31 (full 0):
 garbage-first heap   total reserved 4194304K, committed 276480K, used 79737K [0x0000000700000000, 0x0000000800000000)
  region size 2M, 18 eden (36M), 2 survivor (4M), 18 old (36M), 3 humongous (6M), 94 free (188M)
}
Event: 504.548 {heap After GC invocations=32 (full 0):
 garbage-first heap   total reserved 4194304K, committed 276480K, used 46092K [0x0000000700000000, 0x0000000800000000)
  region size 2M, 0 eden (0M), 2 survivor (4M), 18 old (36M), 3 humongous (6M), 112 free (224M)
}

