# JRE version: Java(TM) SE Runtime Environment (26.0.1+8) (build 26.0.1+8-34)
# Java VM: Java HotSpot(TM) 64-Bit Server VM (26.0.1+8-34, mixed mode, sharing, tiered, compressed oops, compressed class ptrs, g1 gc, windows-amd64)
GC Precious Log:
 CardTable entry size: 512
 Card Set container configuration: InlinePtr #cards 4 size 8 Array Of Cards #cards 16 size 48 Howl #buckets 8 coarsen threshold 3686 Howl Bitmap #cards 512 size 80 coarsen threshold 460 Card regions per heap region 1 cards per card region 4096
 CPUs: 8 total, 8 available
 Memory: 3895M
 Large Page Support: Disabled
 NUMA Support: Disabled
 Compressed Oops: Enabled (Zero based)
 Heap Region Size: 2M
 Heap Min Capacity: 8M
 Heap Initial Capacity: 8M
 Heap Max Capacity: 4G
 Pre-touch: Disabled
 Parallel Workers: 8
 Concurrent Workers: 2
 Concurrent Refinement Workers: 8
 Periodic GC: Disabled
Heap:
 garbage-first heap   total reserved 4194304K, committed 276480K, used 82772K [0x0000000700000000, 0x0000000800000000)
  region size 2M, 0 eden (0M), 2 survivor (4M), 34 old (68M), 5 humongous (10M), 94 free (188M)
GC Heap Usage History (20 events):
Event: 151.341 {heap After GC invocations=23 (full 0):
 garbage-first heap   total reserved 4194304K, committed 92160K, used 33866K [0x0000000700000000, 0x0000000800000000)
  region size 2M, 0 eden (0M), 4 survivor (8M), 12 old (24M), 2 humongous (4M), 27 free (54M)
}
Event: 163.699 {heap Before GC invocations=23 (full 0):
 garbage-first heap   total reserved 4194304K, committed 92160K, used 78922K [0x0000000700000000, 0x0000000800000000)
  region size 2M, 22 eden (44M), 4 survivor (8M), 12 old (24M), 2 humongous (4M), 5 free (10M)
}
Event: 163.912 {heap After GC invocations=24 (full 0):
 garbage-first heap   total reserved 4194304K, committed 92160K, used 35998K [0x0000000700000000, 0x0000000800000000)
  region size 2M, 0 eden (0M), 3 survivor (6M), 14 old (28M), 2 humongous (4M), 26 free (52M)
}
Event: 172.511 {heap Before GC invocations=24 (full 0):
 garbage-first heap   total reserved 4194304K, committed 92160K, used 81054K [0x0000000700000000, 0x0000000800000000)
  region size 2M, 22 eden (44M), 3 survivor (6M), 14 old (28M), 2 humongous (4M), 4 free (8M)
}
Event: 172.609 {heap After GC invocations=25 (full 0):
 garbage-first heap   total reserved 4194304K, committed 92160K, used 38644K [0x0000000700000000, 0x0000000800000000)
  region size 2M, 0 eden (0M), 3 survivor (6M), 15 old (30M), 2 humongous (4M), 25 free (50M)
}
Event: 183.402 {heap Before GC invocations=25 (full 0):
 garbage-first heap   total reserved 4194304K, committed 92160K, used 81652K [0x0000000700000000, 0x0000000800000000)
  region size 2M, 21 eden (42M), 3 survivor (6M), 15 old (30M), 2 humongous (4M), 4 free (8M)
}
Event: 183.548 {heap After GC invocations=26 (full 0):
 garbage-first heap   total reserved 4194304K, committed 276480K, used 41898K [0x0000000700000000, 0x0000000800000000)
  region size 2M, 0 eden (0M), 3 survivor (6M), 16 old (32M), 2 humongous (4M), 114 free (228M)
}
Event: 206.646 {heap Before GC invocations=26 (full 0):
 garbage-first heap   total reserved 4194304K, committed 276480K, used 129962K [0x0000000700000000, 0x0000000800000000)
  region size 2M, 42 eden (84M), 3 survivor (6M), 16 old (32M), 4 humongous (8M), 70 free (140M)
}
Event: 206.890 {heap After GC invocations=27 (full 0):
 garbage-first heap   total reserved 4194304K, committed 276480K, used 52810K [0x0000000700000000, 0x0000000800000000)
  region size 2M, 0 eden (0M), 6 survivor (12M), 16 old (32M), 4 humongous (8M), 109 free (218M)
}
Event: 209.999 {heap Before GC invocations=27 (full 0):
 garbage-first heap   total reserved 4194304K, committed 276480K, used 63050K [0x0000000700000000, 0x0000000800000000)
  region size 2M, 6 eden (12M), 6 survivor (12M), 16 old (32M), 4 humongous (8M), 103 free (206M)
}
Event: 210.236 {heap After GC invocations=28 (full 0):
 garbage-first heap   total reserved 4194304K, committed 276480K, used 55118K [0x0000000700000000, 0x0000000800000000)
  region size 2M, 0 eden (0M), 1 survivor (2M), 22 old (44M), 4 humongous (8M), 108 free (216M)
}
Event: 250.036 {heap Before GC invocations=29 (full 0):
 garbage-first heap   total reserved 4194304K, committed 276480K, used 186190K [0x0000000700000000, 0x0000000800000000)
  region size 2M, 64 eden (128M), 1 survivor (2M), 22 old (44M), 4 humongous (8M), 44 free (88M)
}
Event: 250.250 {heap After GC invocations=30 (full 0):
 garbage-first heap   total reserved 4194304K, committed 276480K, used 61211K [0x0000000700000000, 0x0000000800000000)
  region size 2M, 0 eden (0M), 4 survivor (8M), 22 old (44M), 4 humongous (8M), 105 free (210M)
}
Event: 262.083 {heap Before GC invocations=30 (full 0):
 garbage-first heap   total reserved 4194304K, committed 276480K, used 79643K [0x0000000700000000, 0x0000000800000000)
  region size 2M, 9 eden (18M), 4 survivor (8M), 22 old (44M), 4 humongous (8M), 96 free (192M)
}
Event: 262.351 {heap After GC invocations=31 (full 0):
 garbage-first heap   total reserved 4194304K, committed 276480K, used 64137K [0x0000000700000000, 0x0000000800000000)
  region size 2M, 0 eden (0M), 2 survivor (4M), 26 old (52M), 4 humongous (8M), 103 free (206M)
}
Event: 305.729 {heap Before GC invocations=31 (full 0):
 garbage-first heap   total reserved 4194304K, committed 276480K, used 187017K [0x0000000700000000, 0x0000000800000000)
  region size 2M, 60 eden (120M), 2 survivor (4M), 26 old (52M), 5 humongous (10M), 42 free (84M)
}
Event: 306.638 {heap After GC invocations=32 (full 0):
 garbage-first heap   total reserved 4194304K, committed 276480K, used 80486K [0x0000000700000000, 0x0000000800000000)
  region size 2M, 0 eden (0M), 8 survivor (16M), 27 old (54M), 5 humongous (10M), 95 free (190M)
}
Event: 312.326 {heap Before GC invocations=32 (full 0):
 garbage-first heap   total reserved 4194304K, committed 276480K, used 82534K [0x0000000700000000, 0x0000000800000000)
  region size 2M, 1 eden (2M), 8 survivor (16M), 27 old (54M), 5 humongous (10M), 94 free (188M)
}
Event: 312.654 {heap After GC invocations=33 (full 0):
 garbage-first heap   total reserved 4194304K, committed 276480K, used 81245K [0x0000000700000000, 0x0000000800000000)
  region size 2M, 0 eden (0M), 1 survivor (2M), 34 old (68M), 5 humongous (10M), 95 free (190M)
}
Event: 345.658 {heap Before GC invocations=33 (full 0):
 garbage-first heap   total reserved 4194304K, committed 276480K, used 132445K [0x0000000700000000, 0x0000000800000000)
  region size 2M, 26 eden (52M), 1 survivor (2M), 34 old (68M), 5 humongous (10M), 69 free (138M)
}

