# JRE version: Java(TM) SE Runtime Environment (26.0.1+8) (build 26.0.1+8-34)
# Java VM: Java HotSpot(TM) 64-Bit Server VM (26.0.1+8-34, mixed mode, sharing, tiered, compressed oops, compressed class ptrs, g1 gc, windows-amd64)
GC Precious Log:
 CardTable entry size: 512
 Card Set container configuration: InlinePtr #cards 4 size 8 Array Of Cards #cards 16 size 48 Howl #buckets 8 coarsen threshold 3686 Howl Bitmap #cards 512 size 80 coarsen threshold 460 Card regions per heap region 1 cards per card region 4096
 CPUs: 8 total, 8 available
 Memory: 3895M
 Large Page Support: Disabled
 NUMA Support: Disabled
 Compressed Oops: Enabled (Zero based)
 Heap Region Size: 2M
 Heap Min Capacity: 8M
 Heap Initial Capacity: 8M
 Heap Max Capacity: 4G
 Pre-touch: Disabled
 Parallel Workers: 8
 Concurrent Workers: 2
 Concurrent Refinement Workers: 8
 Periodic GC: Disabled
Heap:
 garbage-first heap   total reserved 4194304K, committed 92160K, used 32693K [0x0000000700000000, 0x0000000800000000)
  region size 2M, 0 eden (0M), 1 survivor (2M), 14 old (28M), 2 humongous (4M), 28 free (56M)
GC Heap Usage History (20 events):
Event: 17.046 {heap After GC invocations=9 (full 0):
 garbage-first heap   total reserved 4194304K, committed 92160K, used 17121K [0x0000000700000000, 0x0000000800000000)
  region size 2M, 0 eden (0M), 1 survivor (2M), 6 old (12M), 2 humongous (4M), 36 free (72M)
}
Event: 27.267 {heap Before GC invocations=9 (full 0):
 garbage-first heap   total reserved 4194304K, committed 92160K, used 51937K [0x0000000700000000, 0x0000000800000000)
  region size 2M, 17 eden (34M), 1 survivor (2M), 6 old (12M), 2 humongous (4M), 19 free (38M)
}
Event: 27.343 {heap After GC invocations=10 (full 0):
 garbage-first heap   total reserved 4194304K, committed 92160K, used 20803K [0x0000000700000000, 0x0000000800000000)
  region size 2M, 0 eden (0M), 3 survivor (6M), 6 old (12M), 2 humongous (4M), 34 free (68M)
}
Event: 36.275 {heap Before GC invocations=10 (full 0):
 garbage-first heap   total reserved 4194304K, committed 92160K, used 43331K [0x0000000700000000, 0x0000000800000000)
  region size 2M, 11 eden (22M), 3 survivor (6M), 6 old (12M), 2 humongous (4M), 23 free (46M)
}
Event: 36.330 {heap After GC invocations=11 (full 0):
 garbage-first heap   total reserved 4194304K, committed 92160K, used 21989K [0x0000000700000000, 0x0000000800000000)
  region size 2M, 0 eden (0M), 1 survivor (2M), 9 old (18M), 2 humongous (4M), 33 free (66M)
}
Event: 43.729 {heap Before GC invocations=11 (full 0):
 garbage-first heap   total reserved 4194304K, committed 92160K, used 56805K [0x0000000700000000, 0x0000000800000000)
  region size 2M, 17 eden (34M), 1 survivor (2M), 9 old (18M), 2 humongous (4M), 16 free (32M)
}
Event: 43.769 {heap After GC invocations=12 (full 0):
 garbage-first heap   total reserved 4194304K, committed 92160K, used 24046K [0x0000000700000000, 0x0000000800000000)
  region size 2M, 0 eden (0M), 2 survivor (4M), 9 old (18M), 2 humongous (4M), 32 free (64M)
}
Event: 45.268 {heap Before GC invocations=12 (full 0):
 garbage-first heap   total reserved 4194304K, committed 92160K, used 32238K [0x0000000700000000, 0x0000000800000000)
  region size 2M, 6 eden (12M), 2 survivor (4M), 9 old (18M), 2 humongous (4M), 26 free (52M)
}
Event: 45.318 {heap After GC invocations=13 (full 0):
 garbage-first heap   total reserved 4194304K, committed 92160K, used 24627K [0x0000000700000000, 0x0000000800000000)
  region size 2M, 0 eden (0M), 2 survivor (4M), 9 old (18M), 2 humongous (4M), 32 free (64M)
}
Event: 53.925 {heap Before GC invocations=14 (full 0):
 garbage-first heap   total reserved 4194304K, committed 92160K, used 65587K [0x0000000700000000, 0x0000000800000000)
  region size 2M, 20 eden (40M), 2 survivor (4M), 9 old (18M), 2 humongous (4M), 12 free (24M)
}
Event: 54.054 {heap After GC invocations=15 (full 0):
 garbage-first heap   total reserved 4194304K, committed 92160K, used 26868K [0x0000000700000000, 0x0000000800000000)
  region size 2M, 0 eden (0M), 3 survivor (6M), 10 old (20M), 2 humongous (4M), 30 free (60M)
}
Event: 61.815 {heap Before GC invocations=15 (full 0):
 garbage-first heap   total reserved 4194304K, committed 92160K, used 67828K [0x0000000700000000, 0x0000000800000000)
  region size 2M, 21 eden (42M), 3 survivor (6M), 10 old (20M), 2 humongous (4M), 9 free (18M)
}
Event: 62.121 {heap After GC invocations=16 (full 0):
 garbage-first heap   total reserved 4194304K, committed 92160K, used 28261K [0x0000000700000000, 0x0000000800000000)
  region size 2M, 0 eden (0M), 3 survivor (6M), 10 old (20M), 2 humongous (4M), 30 free (60M)
}
Event: 67.111 {heap Before GC invocations=16 (full 0):
 garbage-first heap   total reserved 4194304K, committed 92160K, used 58981K [0x0000000700000000, 0x0000000800000000)
  region size 2M, 16 eden (32M), 3 survivor (6M), 10 old (20M), 2 humongous (4M), 14 free (28M)
}
Event: 67.175 {heap After GC invocations=17 (full 0):
 garbage-first heap   total reserved 4194304K, committed 92160K, used 31554K [0x0000000700000000, 0x0000000800000000)
  region size 2M, 0 eden (0M), 4 survivor (8M), 11 old (22M), 2 humongous (4M), 28 free (56M)
}
Event: 70.524 {heap Before GC invocations=18 (full 0):
 garbage-first heap   total reserved 4194304K, committed 92160K, used 62274K [0x0000000700000000, 0x0000000800000000)
  region size 2M, 15 eden (30M), 4 survivor (8M), 11 old (22M), 2 humongous (4M), 13 free (26M)
}
Event: 70.613 {heap After GC invocations=19 (full 0):
 garbage-first heap   total reserved 4194304K, committed 92160K, used 32071K [0x0000000700000000, 0x0000000800000000)
  region size 2M, 0 eden (0M), 2 survivor (4M), 13 old (26M), 2 humongous (4M), 28 free (56M)
}
Event: 73.459 {heap Before GC invocations=19 (full 0):
 garbage-first heap   total reserved 4194304K, committed 92160K, used 77127K [0x0000000700000000, 0x0000000800000000)
  region size 2M, 22 eden (44M), 2 survivor (4M), 13 old (26M), 2 humongous (4M), 6 free (12M)
}
Event: 73.555 {heap After GC invocations=20 (full 0):
 garbage-first heap   total reserved 4194304K, committed 92160K, used 32799K [0x0000000700000000, 0x0000000800000000)
  region size 2M, 0 eden (0M), 1 survivor (2M), 14 old (28M), 2 humongous (4M), 28 free (56M)
}
Event: 75.819 {heap Before GC invocations=20 (full 0):
 garbage-first heap   total reserved 4194304K, committed 92160K, used 79903K [0x0000000700000000, 0x0000000800000000)
  region size 2M, 23 eden (46M), 1 survivor (2M), 14 old (28M), 2 humongous (4M), 5 free (10M)
}

