# JRE version: OpenJDK Runtime Environment (21.0.10) (build 21.0.10+-14961533-b1163.108)
# Java VM: OpenJDK 64-Bit Server VM (21.0.10+-14961533-b1163.108, mixed mode, tiered, compressed oops, compressed class ptrs, g1 gc, windows-amd64)
GC Precious Log:
 CardTable entry size: 512
 Card Set container configuration: InlinePtr #cards 4 size 8 Array Of Cards #cards 16 size 48 Howl #buckets 8 coarsen threshold 3686 Howl Bitmap #cards 512 size 80 coarsen threshold 460 Card regions per heap region 1 cards per card region 4096
 CPUs: 8 total, 8 available
 Memory: 3895M
 Large Page Support: Disabled
 NUMA Support: Disabled
 Compressed Oops: Enabled (Zero based)
 Heap Region Size: 2M
 Heap Min Capacity: 8M
 Heap Initial Capacity: 62M
 Heap Max Capacity: 4G
 Pre-touch: Disabled
 Parallel Workers: 8
 Concurrent Workers: 2
 Concurrent Refinement Workers: 8
 Periodic GC: Disabled
Heap:
 garbage-first heap   total 428032K, used 97960K [0x0000000700000000, 0x0000000800000000)
  region size 2048K, 9 young (18432K), 9 survivors (18432K)
 Metaspace       used 60494K, committed 62208K, reserved 491520K
  class space    used 8486K, committed 9280K, reserved 425984K
GC Heap History (20 events):
Event: 252.839 GC heap after
{Heap after GC invocations=66 (full 0):
 garbage-first heap   total 294912K, used 86154K [0x0000000700000000, 0x0000000800000000)
  region size 2048K, 6 young (12288K), 6 survivors (12288K)
 Metaspace       used 60415K, committed 62080K, reserved 491520K
  class space    used 8485K, committed 9280K, reserved 425984K
}
Event: 255.959 GC heap before
{Heap before GC invocations=66 (full 0):
 garbage-first heap   total 294912K, used 249994K [0x0000000700000000, 0x0000000800000000)
  region size 2048K, 86 young (176128K), 6 survivors (12288K)
 Metaspace       used 60415K, committed 62080K, reserved 491520K
  class space    used 8485K, committed 9280K, reserved 425984K
}
Event: 256.062 GC heap after
{Heap after GC invocations=67 (full 0):
 garbage-first heap   total 354304K, used 86480K [0x0000000700000000, 0x0000000800000000)
  region size 2048K, 6 young (12288K), 6 survivors (12288K)
 Metaspace       used 60415K, committed 62080K, reserved 491520K
  class space    used 8485K, committed 9280K, reserved 425984K
}
Event: 260.197 GC heap before
{Heap before GC invocations=67 (full 0):
 garbage-first heap   total 354304K, used 285136K [0x0000000700000000, 0x0000000800000000)
  region size 2048K, 103 young (210944K), 6 survivors (12288K)
 Metaspace       used 60416K, committed 62080K, reserved 491520K
  class space    used 8485K, committed 9280K, reserved 425984K
}
Event: 260.274 GC heap after
{Heap after GC invocations=68 (full 0):
 garbage-first heap   total 354304K, used 87925K [0x0000000700000000, 0x0000000800000000)
  region size 2048K, 6 young (12288K), 6 survivors (12288K)
 Metaspace       used 60416K, committed 62080K, reserved 491520K
  class space    used 8485K, committed 9280K, reserved 425984K
}
Event: 264.095 GC heap before
{Heap before GC invocations=68 (full 0):
 garbage-first heap   total 354304K, used 286581K [0x0000000700000000, 0x0000000800000000)
  region size 2048K, 103 young (210944K), 6 survivors (12288K)
 Metaspace       used 60416K, committed 62080K, reserved 491520K
  class space    used 8485K, committed 9280K, reserved 425984K
}
Event: 264.186 GC heap after
{Heap after GC invocations=69 (full 0):
 garbage-first heap   total 354304K, used 88992K [0x0000000700000000, 0x0000000800000000)
  region size 2048K, 6 young (12288K), 6 survivors (12288K)
 Metaspace       used 60416K, committed 62080K, reserved 491520K
  class space    used 8485K, committed 9280K, reserved 425984K
}
Event: 268.609 GC heap before
{Heap before GC invocations=69 (full 0):
 garbage-first heap   total 354304K, used 287648K [0x0000000700000000, 0x0000000800000000)
  region size 2048K, 103 young (210944K), 6 survivors (12288K)
 Metaspace       used 60422K, committed 62080K, reserved 491520K
  class space    used 8485K, committed 9280K, reserved 425984K
}
Event: 268.803 GC heap after
{Heap after GC invocations=70 (full 0):
 garbage-first heap   total 354304K, used 90574K [0x0000000700000000, 0x0000000800000000)
  region size 2048K, 7 young (14336K), 7 survivors (14336K)
 Metaspace       used 60422K, committed 62080K, reserved 491520K
  class space    used 8485K, committed 9280K, reserved 425984K
}
Event: 275.428 GC heap before
{Heap before GC invocations=70 (full 0):
 garbage-first heap   total 354304K, used 285134K [0x0000000700000000, 0x0000000800000000)
  region size 2048K, 103 young (210944K), 7 survivors (14336K)
 Metaspace       used 60441K, committed 62080K, reserved 491520K
  class space    used 8485K, committed 9280K, reserved 425984K
}
Event: 275.641 GC heap after
{Heap after GC invocations=71 (full 0):
 garbage-first heap   total 428032K, used 91417K [0x0000000700000000, 0x0000000800000000)
  region size 2048K, 7 young (14336K), 7 survivors (14336K)
 Metaspace       used 60441K, committed 62080K, reserved 491520K
  class space    used 8485K, committed 9280K, reserved 425984K
}
Event: 283.599 GC heap before
{Heap before GC invocations=71 (full 0):
 garbage-first heap   total 428032K, used 333081K [0x0000000700000000, 0x0000000800000000)
  region size 2048K, 125 young (256000K), 7 survivors (14336K)
 Metaspace       used 60447K, committed 62080K, reserved 491520K
  class space    used 8485K, committed 9280K, reserved 425984K
}
Event: 283.707 GC heap after
{Heap after GC invocations=72 (full 0):
 garbage-first heap   total 428032K, used 92907K [0x0000000700000000, 0x0000000800000000)
  region size 2048K, 7 young (14336K), 7 survivors (14336K)
 Metaspace       used 60447K, committed 62080K, reserved 491520K
  class space    used 8485K, committed 9280K, reserved 425984K
}
Event: 289.256 GC heap before
{Heap before GC invocations=72 (full 0):
 garbage-first heap   total 428032K, used 334571K [0x0000000700000000, 0x0000000800000000)
  region size 2048K, 125 young (256000K), 7 survivors (14336K)
 Metaspace       used 60466K, committed 62144K, reserved 491520K
  class space    used 8486K, committed 9280K, reserved 425984K
}
Event: 289.368 GC heap after
{Heap after GC invocations=73 (full 0):
 garbage-first heap   total 428032K, used 93841K [0x0000000700000000, 0x0000000800000000)
  region size 2048K, 7 young (14336K), 7 survivors (14336K)
 Metaspace       used 60466K, committed 62144K, reserved 491520K
  class space    used 8486K, committed 9280K, reserved 425984K
}
Event: 294.056 GC heap before
{Heap before GC invocations=73 (full 0):
 garbage-first heap   total 428032K, used 335505K [0x0000000700000000, 0x0000000800000000)
  region size 2048K, 125 young (256000K), 7 survivors (14336K)
 Metaspace       used 60477K, committed 62208K, reserved 491520K
  class space    used 8486K, committed 9280K, reserved 425984K
}
Event: 294.137 GC heap after
{Heap after GC invocations=74 (full 0):
 garbage-first heap   total 428032K, used 96088K [0x0000000700000000, 0x0000000800000000)
  region size 2048K, 8 young (16384K), 8 survivors (16384K)
 Metaspace       used 60477K, committed 62208K, reserved 491520K
  class space    used 8486K, committed 9280K, reserved 425984K
}
Event: 299.477 GC heap before
{Heap before GC invocations=74 (full 0):
 garbage-first heap   total 428032K, used 333656K [0x0000000700000000, 0x0000000800000000)
  region size 2048K, 125 young (256000K), 8 survivors (16384K)
 Metaspace       used 60483K, committed 62208K, reserved 491520K
  class space    used 8486K, committed 9280K, reserved 425984K
}
Event: 299.581 GC heap after
{Heap after GC invocations=75 (full 0):
 garbage-first heap   total 428032K, used 96625K [0x0000000700000000, 0x0000000800000000)
  region size 2048K, 8 young (16384K), 8 survivors (16384K)
 Metaspace       used 60483K, committed 62208K, reserved 491520K
  class space    used 8486K, committed 9280K, reserved 425984K
}
Event: 306.615 GC heap before
{Heap before GC invocations=75 (full 0):
 garbage-first heap   total 428032K, used 336241K [0x0000000700000000, 0x0000000800000000)
  region size 2048K, 125 young (256000K), 8 survivors (16384K)
 Metaspace       used 60494K, committed 62208K, reserved 491520K
  class space    used 8486K, committed 9280K, reserved 425984K
}

